<?xml version="1.0" encoding="UTF-8"?>
<testsuite name="LeituraTest" tests="2" skipped="0" failures="0" errors="0" timestamp="2019-10-12T18:14:11" hostname="paulo-VJF155F11X-B0911B" time="0.012">
  <properties/>
  <testcase name="shouldReadFileProperly()" classname="LeituraTest" time="0.009"/>
  <testcase name="shouldThrownFileNotFoundException()" classname="LeituraTest" time="0.002"/>
  <system-out><![CDATA[]]></system-out>
  <system-err><![CDATA[]]></system-err>
</testsuite>
