<?xml version="1.0" encoding="UTF-8"?>
<testsuite name="EscritaTest" tests="1" skipped="0" failures="0" errors="0" timestamp="2019-10-09T23:16:38" hostname="paulo-VJF155F11X-B0911B" time="0.003">
  <properties/>
  <testcase name="testApp" classname="EscritaTest" time="0.003"/>
  <system-out><![CDATA[1
2
3
4
5
6
7
8
9
10
]]></system-out>
  <system-err><![CDATA[]]></system-err>
</testsuite>
